make all --print-data-base --no-builtin-variables --no-builtin-rules --question
# GNU Make 4.3
# Built for x86_64-apple-darwin21.1.0
# Copyright (C) 1988-2020 Free Software Foundation, Inc.
# License GPLv3+: GNU GPL version 3 or later <http://gnu.org/licenses/gpl.html>
# This is free software: you are free to change and redistribute it.
# There is NO WARRANTY, to the extent permitted by law.

# Make data base, printed on Sun Jul 10 18:15:49 2022

# Variables

# environment
LC_TERMINAL = iTerm2
# environment
LC_ALL = C
# environment
TMPDIR = /var/folders/ph/hl55_ywn2vs6_55zzr60mh100000gp/T/
# environment
XPC_SERVICE_NAME = application.com.microsoft.VSCode.72613274.72613280.983F5EFB-65F2-49B7-857F-381BAE652B1E
# environment
VSCODE_CWD = /Users/prumi/Desktop/CSW_automation/terraform_workspaces_netskope_csw
# environment
LC_TERMINAL_VERSION = 3.4.16
# default
MAKE_COMMAND := make
# environment
HISTFILE = /Users/prumi/.zsh_history
# environment
__CFBundleIdentifier = com.microsoft.VSCode
# automatic
@D = $(patsubst %/,%,$(dir $@))
# environment
VSCODE_HANDLES_UNCAUGHT_ERRORS = true
# default
.VARIABLES := 
# environment
COMMAND_MODE = unix2003
# environment
PWD = /Users/prumi/Desktop/CSW_automation/terraform_workspaces_netskope_csw
# automatic
%D = $(patsubst %/,%,$(dir $%))
# environment
LSCOLORS = Gxfxcxdxbxegedabagacad
# automatic
^D = $(patsubst %/,%,$(dir $^))
# automatic
%F = $(notdir $%)
# environment
VSCODE_CODE_CACHE_PATH = /Users/prumi/Library/Application Support/Code/CachedData/92d25e35d9bf1a6b16f7d0758f25d48ace11e5b9
# environment
LANG = C
# default
.LOADED := 
# default
.INCLUDE_DIRS = /usr/local/Cellar/make/4.3/include /usr/local/include
# environment
COLORFGBG = 15;0
# environment
__CF_USER_TEXT_ENCODING = 0x1F6:0x0:0x3
# makefile
MAKEFLAGS = pqrR
# makefile
CURDIR := /Users/prumi/Desktop/CSW_automation/terraform_workspaces_netskope_csw
# environment
PERL5LIB = /Users/prumi/perl5/lib/perl5
# environment
MCFLY_SESSION_ID = KkVe8GKvhqWDGXiTqrKsomQ0
# environment
MCFLY_HISTORY_FORMAT = zsh-extended
# environment
APPLICATION_INSIGHTS_NO_DIAGNOSTIC_CHANNEL = 1
# environment
PROMPT_COMMAND =  history -a
# automatic
*D = $(patsubst %/,%,$(dir $*))
# environment
MFLAGS = -pqrR
# environment
SSH_AUTH_SOCK = /private/tmp/com.apple.launchd.Bgjt0I3kEo/Listeners
# default
.SHELLFLAGS := -c
# automatic
+D = $(patsubst %/,%,$(dir $+))
# environment
P9K_SSH = 0
# makefile (from 'Makefile', line 1)
MAKEFILE_LIST := Makefile
# automatic
@F = $(notdir $@)
# environment
ZSH = /Users/prumi/.oh-my-zsh
# environment
VSCODE_PID = 84571
# automatic
?D = $(patsubst %/,%,$(dir $?))
# environment
MallocNanoZone = 0
# environment
MARKPATH = /Users/prumi/.marks
# automatic
*F = $(notdir $*)
# automatic
<D = $(patsubst %/,%,$(dir $<))
# environment
ITERM_PROFILE = Default
# environment
P9K_TTY = old
# environment
VSCODE_NLS_CONFIG = {"locale":"de","availableLanguages":{"*":"de"},"_languagePackId":"8ab2722137ec6a78a8222b82fa5dcc60.de","_translationsConfigFile":"/Users/prumi/Library/Application Support/Code/clp/8ab2722137ec6a78a8222b82fa5dcc60.de/tcf.json","_cacheRoot":"/Users/prumi/Library/Application Support/Code/clp/8ab2722137ec6a78a8222b82fa5dcc60.de","_resolvedLanguagePackCoreLocation":"/Users/prumi/Library/Application Support/Code/clp/8ab2722137ec6a78a8222b82fa5dcc60.de/92d25e35d9bf1a6b16f7d0758f25d48ace11e5b9","_corruptedFile":"/Users/prumi/Library/Application Support/Code/clp/8ab2722137ec6a78a8222b82fa5dcc60.de/corrupted.info","_languagePackSupport":true}
# default
MAKE_HOST := x86_64-apple-darwin21.1.0
# makefile
SHELL = /bin/sh
# default
MAKECMDGOALS := all
# environment
SHLVL = 3
# environment
MCFLY_HISTORY = /var/folders/ph/hl55_ywn2vs6_55zzr60mh100000gp/T/mcfly.XXXXXXXX.lTMEJBgL
# environment
MAKELEVEL := 0
# environment
ITERM_SESSION_ID = w0t0p0:1B72A727-A9F3-482A-8C15-A091451511E8
# default
MAKE = $(MAKE_COMMAND)
# environment
PATH = /Users/prumi/perl5/bin:/usr/local/opt/make/libexec/gnubin:/usr/local/bin:/usr/bin:/bin:/usr/sbin:/sbin:/Applications/VMware Fusion.app/Contents/Public:/Library/Apple/usr/bin:/Applications/Wireshark.app/Contents/MacOS
# default
MAKEFILES := 
# automatic
^F = $(notdir $^)
# environment
TERM_PROGRAM = iTerm.app
# automatic
?F = $(notdir $?)
# environment
AUTOJUMP_SOURCED = 1
# environment
PERL_LOCAL_LIB_ROOT = /Users/prumi/perl5
# automatic
+F = $(notdir $+)
# environment
LESS = -R
# environment
ORIGINAL_XDG_CURRENT_DESKTOP = undefined
# 'override' directive
GNUMAKEFLAGS := 
# environment
LOGNAME = prumi
# environment
XPC_FLAGS = 0x0
# makefile
.DEFAULT_GOAL := all
# environment
AUTOJUMP_ERROR_PATH = /Users/prumi/Library/autojump/errors.log
# environment
USER = prumi
# default
MAKE_VERSION := 4.3
# environment
TERM_SESSION_ID = w0t0p0:1B72A727-A9F3-482A-8C15-A091451511E8
# environment
PAGER = less
# environment
_ = /usr/local/opt/make/libexec/gnubin/make
# environment
COLORTERM = truecolor
# environment
VSCODE_AMD_ENTRYPOINT = vs/workbench/api/node/extensionHostProcess
# environment
HOME = /Users/prumi
# environment
ELECTRON_RUN_AS_NODE = 1
# environment
TERM = xterm-256color
# environment
VSCODE_IPC_HOOK = /Users/prumi/Library/Application Support/Code/1.69.0-main.sock
# environment
PERL_MM_OPT = INSTALL_BASE=/Users/prumi/perl5
# default
.RECIPEPREFIX := 
# automatic
<F = $(notdir $<)
# default
SUFFIXES := 
# environment
_P9K_TTY = /dev/ttys000
# environment
VSCODE_CLI = 1
# environment
PERL_MB_OPT = --install_base "/Users/prumi/perl5"
# environment
ELECTRON_NO_ATTACH_CONSOLE = 1
# default
.FEATURES := target-specific order-only second-expansion else-if shortest-stem undefine oneshell nocomment grouped-target extra-prereqs archives jobserver output-sync check-symlink load
# environment
TERM_PROGRAM_VERSION = 3.4.16
# variable set hash-table stats:
# Load=93/1024=9%, Rehash=0, Collisions=7/124=6%

# Pattern-specific Variable Values

# No pattern-specific variable values.

# Directories

# . (device 16777225, inode 72374629): 22 files, no impossibilities.

# 22 files, no impossibilities in 1 directories.

# Implicit Rules

# No implicit rules.

# Files

# Not a target:
Makefile:
#  Implicit rule search has been done.
#  Last modified 2022-06-24 13:00:23.699725509
#  File has been updated.
#  Successfully updated.

apply_ubuntu: all
#  Implicit rule search has not been done.
#  Modification time never checked.
#  File has not been updated.
#  recipe to execute (from 'Makefile', line 21):
	@read -p "Enter Workspace Name: " workspace; \
	terraform init \
	&& terraform workspace select $$workspace \
	&& terraform apply -var ubuntu_publisher=true -var csw_publisher=false -var-file="terraform.tfvars"

# Not a target:
.DEFAULT:
#  Implicit rule search has not been done.
#  Modification time never checked.
#  File has not been updated.

all:
#  Command line target.
#  Implicit rule search has not been done.
#  Implicit/static pattern stem: ''
#  File does not exist.
#  File has been updated.
#  Needs to be updated (-q is set).
# automatic
# @ := all
# automatic
# * := 
# automatic
# < := 
# automatic
# + := 
# automatic
# % := 
# automatic
# ^ := 
# automatic
# ? := 
# automatic
# | := 
# variable set hash-table stats:
# Load=8/32=25%, Rehash=0, Collisions=1/11=9%
#  recipe to execute (from 'Makefile', line 2):
	@echo "WORKSPACES AVAILABLE:"
	@echo "marcus"
	@echo "phil"
	@echo "rainer"
	@echo "eugen"
	@echo "georg"
	@echo "patrick"

destroy: all
#  Implicit rule search has not been done.
#  Modification time never checked.
#  File has not been updated.
#  recipe to execute (from 'Makefile', line 16):
	@read -p "Enter Workspace Name: " workspace; \
	terraform workspace select $$workspace \
	&& terraform destroy -auto-approve -var student_instance_count=15 -var-file="terraform.tfvars" -var token=""

apply: all
#  Implicit rule search has not been done.
#  Modification time never checked.
#  File has not been updated.
#  recipe to execute (from 'Makefile', line 11):
	@read -p "Enter Workspace Name: " workspace; \
	terraform init \
	&& terraform workspace select $$workspace \
	&& terraform apply -var-file="terraform.tfvars" -var token=""

# Not a target:
.SUFFIXES:
#  Implicit rule search has not been done.
#  Modification time never checked.
#  File has not been updated.

# files hash-table stats:
 
# Load=7/1024=1%, Rehash=0, Collisions=0/22=0%
# VPATH Search Paths

# No 'vpath' search paths.

# No general ('VPATH' variable) search path.

# strcache buffers: 1 (0) / strings = 30 / storage = 335 B / avg = 11 B
# current buf: size = 8162 B / used = 335 B / count = 30 / avg = 11 B

# strcache performance: lookups = 42 / hit rate = 28%
# hash-table stats:
# Load=30/8192=0%, Rehash=0, Collisions=0/42=0%
# Finished Make data base on Sun Jul 10 18:15:49 2022

 
